<?xml version="1.0" encoding="UTF-8"?>
<testsuite xmlns:xsi="http://www.w3.org/2001/XMLSchema-instance" xsi:noNamespaceSchemaLocation="https://maven.apache.org/surefire/maven-surefire-plugin/xsd/surefire-test-report-3.0.xsd" version="3.0" name="com.example.api.repository.BookRepositoryTest" time="6.737" tests="2" errors="0" skipped="0" failures="0">
  <properties>
[...]
</properties>
  <testcase name="countByAuthorId_shouldReturnCorrectCount" classname="com.example.api.repository.BookRepositoryTest" time="0.431">
    <system-out><![CDATA[21:30:16.423 [main] INFO org.springframework.test.context.support.AnnotationConfigContextLoaderUtils -- Could not detect default configuration classes for test class [com.example.api.repository.BookRepositoryTest]: BookRepositoryTest does not declare any static, non-private, non-final, nested classes annotated with @Configuration.
21:30:16.590 [main] INFO org.springframework.boot.test.context.SpringBootTestContextBootstrapper -- Found @SpringBootConfiguration com.example.api.RestApiApplication for test class com.example.api.repository.BookRepositoryTest
21:30:16.712 [main] INFO org.springframework.boot.devtools.restart.RestartApplicationListener -- Restart disabled due to context in which it is running

  .   ____          _            __ _ _
 /\\ / ___'_ __ _ _(_)_ __  __ _ \ \ \ \
( ( )\___ | '_ | '_| | '_ \/ _` | \ \ \ \
 \\/  ___)| |_)| | | | | || (_| |  ) ) ) )
  '  |____| .__|_| |_|_| |_\__, | / / / /
 =========|_|==============|___/=/_/_/_/
 :: Spring Boot ::                (v3.2.0)

2026-04-14T21:30:17.251+01:00  INFO 10296 --- [rest-api] [           main] c.e.api.repository.BookRepositoryTest    : Starting BookRepositoryTest using Java 21.0.8 with PID 10296 (started by LATITUDE-5440 in C:\book-microservices-workspace\CBD-A2\CBD-A2)
2026-04-14T21:30:17.254+01:00  INFO 10296 --- [rest-api] [           main] c.e.api.repository.BookRepositoryTest    : No active profile set, falling back to 1 default profile: "default"
2026-04-14T21:30:17.827+01:00  INFO 10296 --- [rest-api] [           main] .s.d.r.c.RepositoryConfigurationDelegate : Bootstrapping Spring Data JPA repositories in DEFAULT mode.
2026-04-14T21:30:17.915+01:00  INFO 10296 --- [rest-api] [           main] .s.d.r.c.RepositoryConfigurationDelegate : Finished Spring Data repository scanning in 77 ms. Found 2 JPA repository interfaces.
2026-04-14T21:30:18.017+01:00  INFO 10296 --- [rest-api] [           main] beddedDataSourceBeanFactoryPostProcessor : Replacing 'dataSource' DataSource bean with embedded version
2026-04-14T21:30:18.243+01:00  INFO 10296 --- [rest-api] [           main] o.s.j.d.e.EmbeddedDatabaseFactory        : Starting embedded database: url='jdbc:h2:mem:86ee3263-34de-406a-9646-d1d1bbdfe5de;DB_CLOSE_DELAY=-1;DB_CLOSE_ON_EXIT=false', username='sa'
2026-04-14T21:30:18.994+01:00  INFO 10296 --- [rest-api] [           main] o.hibernate.jpa.internal.util.LogHelper  : HHH000204: Processing PersistenceUnitInfo [name: default]
2026-04-14T21:30:19.133+01:00  INFO 10296 --- [rest-api] [           main] org.hibernate.Version                    : HHH000412: Hibernate ORM core version 6.3.1.Final
2026-04-14T21:30:19.201+01:00  INFO 10296 --- [rest-api] [           main] o.h.c.internal.RegionFactoryInitiator    : HHH000026: Second-level cache disabled
2026-04-14T21:30:19.403+01:00  INFO 10296 --- [rest-api] [           main] o.s.o.j.p.SpringPersistenceUnitInfo      : No LoadTimeWeaver setup: ignoring JPA class transformer
2026-04-14T21:30:20.930+01:00  INFO 10296 --- [rest-api] [           main] o.h.e.t.j.p.i.JtaPlatformInitiator       : HHH000489: No JTA platform available (set 'hibernate.transaction.jta.platform' to enable JTA platform integration)
Hibernate: 
    drop table if exists author cascade 
Hibernate: 
    drop table if exists book cascade 
Hibernate: 
    create table author (
        id bigint generated by default as identity,
        email varchar(255),
        name varchar(255),
        primary key (id)
    )
Hibernate: 
    create table book (
        price float(53),
        publication_date date,
        author_id bigint,
        id bigint generated by default as identity,
        title varchar(255),
        primary key (id)
    )
Hibernate: 
    alter table if exists book 
       add constraint FKklnrv3weler2ftkweewlky958 
       foreign key (author_id) 
       references author
2026-04-14T21:30:21.040+01:00  INFO 10296 --- [rest-api] [           main] j.LocalContainerEntityManagerFactoryBean : Initialized JPA EntityManagerFactory for persistence unit 'default'
2026-04-14T21:30:21.623+01:00  INFO 10296 --- [rest-api] [           main] o.s.d.j.r.query.QueryEnhancerFactory     : Hibernate is in classpath; If applicable, HQL parser will be used.
2026-04-14T21:30:22.565+01:00  INFO 10296 --- [rest-api] [           main] c.e.api.repository.BookRepositoryTest    : Started BookRepositoryTest in 5.875 seconds (process running for 14.286)
Hibernate: 
    insert 
    into
        author
        (email, name, id) 
    values
        (?, ?, default)
Hibernate: 
    insert 
    into
        book
        (author_id, price, publication_date, title, id) 
    values
        (?, ?, ?, ?, default)
Hibernate: 
    select
        count(b1_0.id) 
    from
        book b1_0 
    where
        b1_0.author_id=?
]]></system-out>
  </testcase>
  <testcase name="findByAuthorId_shouldReturnBooksForAuthor" classname="com.example.api.repository.BookRepositoryTest" time="0.052">
    <system-out><![CDATA[Hibernate: 
    insert 
    into
        author
        (email, name, id) 
    values
        (?, ?, default)
Hibernate: 
    insert 
    into
        book
        (author_id, price, publication_date, title, id) 
    values
        (?, ?, ?, ?, default)
Hibernate: 
    insert 
    into
        book
        (author_id, price, publication_date, title, id) 
    values
        (?, ?, ?, ?, default)
Hibernate: 
    select
        b1_0.id,
        b1_0.author_id,
        b1_0.price,
        b1_0.publication_date,
        b1_0.title 
    from
        book b1_0 
    where
        b1_0.author_id=?
]]></system-out>
  </testcase>
</testsuite>