<?xml version="1.0" encoding="UTF-8"?>
<testsuite xmlns:xsi="http://www.w3.org/2001/XMLSchema-instance" xsi:noNamespaceSchemaLocation="https://maven.apache.org/surefire/maven-surefire-plugin/xsd/surefire-test-report-3.0.xsd" version="3.0" name="com.example.api.RestApiApplicationTests" time="1.065" tests="1" errors="0" skipped="0" failures="0">
  <properties>
[...]
</properties>
  <testcase name="contextLoads" classname="com.example.api.RestApiApplicationTests" time="0.009">
    <system-out><![CDATA[2026-04-19T20:01:13.537+01:00  INFO 35968 --- [rest-api] [           main] t.c.s.AnnotationConfigContextLoaderUtils : Could not detect default configuration classes for test class [com.example.api.RestApiApplicationTests]: RestApiApplicationTests does not declare any static, non-private, non-final, nested classes annotated with @Configuration.
2026-04-19T20:01:13.549+01:00  INFO 35968 --- [rest-api] [           main] .b.t.c.SpringBootTestContextBootstrapper : Found @SpringBootConfiguration com.example.api.RestApiApplication for test class com.example.api.RestApiApplicationTests
2026-04-19T20:01:13.559+01:00  INFO 35968 --- [rest-api] [           main] o.s.b.d.r.RestartApplicationListener     : Restart disabled due to context in which it is running

  .   ____          _            __ _ _
 /\\ / ___'_ __ _ _(_)_ __  __ _ \ \ \ \
( ( )\___ | '_ | '_| | '_ \/ _` | \ \ \ \
 \\/  ___)| |_)| | | | | || (_| |  ) ) ) )
  '  |____| .__|_| |_|_| |_\__, | / / / /
 =========|_|==============|___/=/_/_/_/
 :: Spring Boot ::                (v3.2.0)

2026-04-19T20:01:13.582+01:00  INFO 35968 --- [rest-api] [           main] c.example.api.RestApiApplicationTests    : Starting RestApiApplicationTests using Java 21.0.8 with PID 35968 (started by LATITUDE-5440 in C:\book-microservices-workspace\CBD-A2\CBD-A2)
2026-04-19T20:01:13.582+01:00  INFO 35968 --- [rest-api] [           main] c.example.api.RestApiApplicationTests    : No active profile set, falling back to 1 default profile: "default"
2026-04-19T20:01:13.883+01:00  INFO 35968 --- [rest-api] [           main] .s.d.r.c.RepositoryConfigurationDelegate : Bootstrapping Spring Data JPA repositories in DEFAULT mode.
2026-04-19T20:01:13.909+01:00  INFO 35968 --- [rest-api] [           main] .s.d.r.c.RepositoryConfigurationDelegate : Finished Spring Data repository scanning in 26 ms. Found 2 JPA repository interfaces.
2026-04-19T20:01:14.053+01:00  INFO 35968 --- [rest-api] [           main] o.hibernate.jpa.internal.util.LogHelper  : HHH000204: Processing PersistenceUnitInfo [name: default]
2026-04-19T20:01:14.055+01:00  INFO 35968 --- [rest-api] [           main] o.h.c.internal.RegionFactoryInitiator    : HHH000026: Second-level cache disabled
2026-04-19T20:01:14.057+01:00  INFO 35968 --- [rest-api] [           main] o.s.o.j.p.SpringPersistenceUnitInfo      : No LoadTimeWeaver setup: ignoring JPA class transformer
2026-04-19T20:01:14.058+01:00  INFO 35968 --- [rest-api] [           main] com.zaxxer.hikari.HikariDataSource       : HikariPool-1 - Starting...
2026-04-19T20:01:14.070+01:00  INFO 35968 --- [rest-api] [           main] com.zaxxer.hikari.pool.HikariPool        : HikariPool-1 - Added connection conn8: url=jdbc:h2:mem:librarydb user=SA
2026-04-19T20:01:14.072+01:00  INFO 35968 --- [rest-api] [           main] com.zaxxer.hikari.HikariDataSource       : HikariPool-1 - Start completed.
2026-04-19T20:01:14.115+01:00  INFO 35968 --- [rest-api] [           main] o.h.e.t.j.p.i.JtaPlatformInitiator       : HHH000489: No JTA platform available (set 'hibernate.transaction.jta.platform' to enable JTA platform integration)
Hibernate: 
    drop table if exists author cascade 
Hibernate: 
    drop table if exists book cascade 
Hibernate: 
    create table author (
        id bigint generated by default as identity,
        email varchar(255),
        name varchar(255),
        primary key (id)
    )
Hibernate: 
    create table book (
        price float(53),
        publication_date date,
        author_id bigint,
        id bigint generated by default as identity,
        title varchar(255),
        primary key (id)
    )
Hibernate: 
    alter table if exists book 
       add constraint FKklnrv3weler2ftkweewlky958 
       foreign key (author_id) 
       references author
2026-04-19T20:01:14.120+01:00  INFO 35968 --- [rest-api] [           main] j.LocalContainerEntityManagerFactoryBean : Initialized JPA EntityManagerFactory for persistence unit 'default'
2026-04-19T20:01:14.359+01:00  WARN 35968 --- [rest-api] [           main] JpaBaseConfiguration$JpaWebConfiguration : spring.jpa.open-in-view is enabled by default. Therefore, database queries may be performed during view rendering. Explicitly configure spring.jpa.open-in-view to disable this warning
2026-04-19T20:01:14.546+01:00  INFO 35968 --- [rest-api] [           main] o.s.b.a.h2.H2ConsoleAutoConfiguration    : H2 console available at '/h2-console'. Database available at 'jdbc:h2:mem:librarydb'
2026-04-19T20:01:14.582+01:00  INFO 35968 --- [rest-api] [           main] c.example.api.RestApiApplicationTests    : Started RestApiApplicationTests in 1.023 seconds (process running for 10.491)

╔══════════════════════════════════════════════════════════╗
║                                                          ║
║     🚀  BOOKS API STARTED SUCCESSFULLY!                 ║
║                                                          ║
╠══════════════════════════════════════════════════════════╣
║                                                          ║
║  📍  Base URL: http://localhost:8080            ║
║  🔧  Profile: default
║  📊  Status: RUNNING                                     ║
║                                                          ║
║  📚  Available Endpoints:                                ║
║  ────────────────────────────────────────────────────── ║
║  POST   /authors/{authorId}/books     - Create book     ║
║  GET    /authors/{authorId}/books     - List books      ║
║  GET    /authors/{authorId}/books/{id} - Get book       ║
║  PUT    /authors/{authorId}/books/{id} - Update book    ║
║  DELETE /authors/{authorId}/books/{id} - Delete book    ║
║  Get api/books                         -get all books   ║
╚═════════════════════════════════════════════════════════╝

]]></system-out>
  </testcase>
</testsuite>